

Version:	3.50
CmdLine:	C:\Users\Daniel\Desktop\Osulux - copia\osulux.exe --l4j-debug
JNI:		No
WOW64:		Yes
Working dir:	C:\Users\Daniel\Desktop\Osulux - copia\.
Requires JDK:	No
Requires 64-Bit: No
Java min ver:	1.017.000
Java max ver:	
JRE paths:	runtime
Check launcher:	C:\Users\Daniel\Desktop\Osulux - copia\runtime\bin\javaw.exe (OK)
Version string: 1.021.000_008 / 64-Bit (OK)
Main class:	com.osuplayer.MainApp
Info:		Classpath not defined.
Launcher:	C:\Users\Daniel\Desktop\Osulux - copia\runtime\bin\javaw.exe
Launcher args:	--module-path "C:\javafx\lib" --add-modules javafx.controls,javafx.media --enable-native-access=javafx.graphics -classpath "C:\Users\Daniel\Desktop\Osulux - copia\osulux.exe" com.osuplayer.MainApp -Dprism.order=sw -Dprism.verbose=true
Args length:	234/32768 chars
Exit code:	0


Version:	3.50
CmdLine:	C:\Users\Daniel\Desktop\Osulux - copia\osulux.exe --l4j-debug
JNI:		No
WOW64:		Yes
Working dir:	C:\Users\Daniel\Desktop\Osulux - copia\.
Requires JDK:	No
Requires 64-Bit: No
Java min ver:	1.017.000
Java max ver:	
JRE paths:	runtime
Check launcher:	C:\Users\Daniel\Desktop\Osulux - copia\runtime\bin\javaw.exe (OK)
Version string: 1.021.000_008 / 64-Bit (OK)
Main class:	com.osuplayer.MainApp
Info:		Classpath not defined.
Launcher:	C:\Users\Daniel\Desktop\Osulux - copia\runtime\bin\javaw.exe
Launcher args:	--module-path "C:\javafx\lib" --add-modules javafx.controls,javafx.media --enable-native-access=javafx.graphics -classpath "C:\Users\Daniel\Desktop\Osulux - copia\osulux.exe" com.osuplayer.MainApp -Dprism.order=sw -Dprism.verbose=true
Args length:	234/32768 chars
Exit code:	0


Version:	3.50
CmdLine:	C:\Users\Daniel\Desktop\Osulux - copia\osulux.exe --l4j-debug
JNI:		No
WOW64:		Yes
Working dir:	C:\Users\Daniel\Desktop\Osulux - copia\.
Requires JDK:	No
Requires 64-Bit: No
Java min ver:	1.017.000
Java max ver:	
JRE paths:	runtime
Check launcher:	C:\Users\Daniel\Desktop\Osulux - copia\runtime\bin\javaw.exe (OK)
Version string: 1.021.000_008 / 64-Bit (OK)
Main class:	com.osuplayer.MainApp
Info:		Classpath not defined.
Launcher:	C:\Users\Daniel\Desktop\Osulux - copia\runtime\bin\javaw.exe
Launcher args:	--module-path "C:\javafx\lib" --add-modules javafx.controls,javafx.media --enable-native-access=javafx.graphics -classpath "C:\Users\Daniel\Desktop\Osulux - copia\osulux.exe" com.osuplayer.MainApp -Dprism.order=sw -Dprism.verbose=true
Args length:	234/32768 chars
Exit code:	0


Version:	3.50
CmdLine:	C:\Users\Daniel\Desktop\Osulux - copia\osulux.exe --l4j-debug
JNI:		No
WOW64:		Yes
Working dir:	C:\Users\Daniel\Desktop\Osulux - copia\.
Requires JDK:	No
Requires 64-Bit: No
Java min ver:	1.017.000
Java max ver:	
JRE paths:	runtime
Check launcher:	C:\Users\Daniel\Desktop\Osulux - copia\runtime\bin\javaw.exe (OK)
Version string: 1.021.000_008 / 64-Bit (OK)
Main class:	com.osuplayer.MainApp
Info:		Classpath not defined.
Launcher:	C:\Users\Daniel\Desktop\Osulux - copia\runtime\bin\javaw.exe
Launcher args:	--module-path "C:\javafx\lib" --add-modules javafx.controls,javafx.media --enable-native-access=javafx.graphics -classpath "C:\Users\Daniel\Desktop\Osulux - copia\osulux.exe" com.osuplayer.MainApp -Dprism.order=sw -Dprism.verbose=true
Args length:	234/32768 chars
Exit code:	0


Version:	3.50
CmdLine:	C:\Users\Daniel\Desktop\Osulux - copia\osulux.exe --l4j-debug
JNI:		No
WOW64:		Yes
Working dir:	C:\Users\Daniel\Desktop\Osulux - copia\.
Requires JDK:	No
Requires 64-Bit: No
Java min ver:	1.017.000
Java max ver:	
JRE paths:	runtime
Check launcher:	C:\Users\Daniel\Desktop\Osulux - copia\runtime\bin\javaw.exe (OK)
Version string: 1.021.000_008 / 64-Bit (OK)
Main class:	com.osuplayer.MainApp
Info:		Classpath not defined.
Launcher:	C:\Users\Daniel\Desktop\Osulux - copia\runtime\bin\javaw.exe
Launcher args:	--module-path "C:\javafx\lib" --add-modules javafx.controls,javafx.media --enable-native-access=javafx.graphics -classpath "C:\Users\Daniel\Desktop\Osulux - copia\osulux.exe" com.osuplayer.MainApp -Dprism.order=sw -Dprism.verbose=true
Args length:	234/32768 chars
Exit code:	0


Version:	3.50
CmdLine:	C:\Users\Daniel\Desktop\Osulux - copia\osulux.exe --l4j-debug
JNI:		No
WOW64:		Yes
Working dir:	C:\Users\Daniel\Desktop\Osulux - copia\.
Requires JDK:	No
Requires 64-Bit: No
Java min ver:	1.017.000
Java max ver:	
JRE paths:	runtime
Check launcher:	C:\Users\Daniel\Desktop\Osulux - copia\runtime\bin\javaw.exe (OK)
Version string: 1.021.000_008 / 64-Bit (OK)
Main class:	com.osuplayer.MainApp
Info:		Classpath not defined.
Launcher:	C:\Users\Daniel\Desktop\Osulux - copia\runtime\bin\javaw.exe
Launcher args:	--module-path "C:\javafx\lib" --add-modules javafx.controls,javafx.media --enable-native-access=javafx.graphics -classpath "C:\Users\Daniel\Desktop\Osulux - copia\osulux.exe" com.osuplayer.MainApp -Dprism.order=sw -Dprism.verbose=true
Args length:	234/32768 chars
Exit code:	0


Version:	3.50
CmdLine:	C:\Users\Daniel\Desktop\Osulux - copia\osulux.exe --l4j-debug
JNI:		No
WOW64:		Yes
Working dir:	C:\Users\Daniel\Desktop\Osulux - copia\.
Requires JDK:	No
Requires 64-Bit: No
Java min ver:	1.017.000
Java max ver:	
JRE paths:	runtime
Check launcher:	C:\Users\Daniel\Desktop\Osulux - copia\runtime\bin\javaw.exe (OK)
Version string: 1.021.000_008 / 64-Bit (OK)
Main class:	com.osuplayer.MainApp
Info:		Classpath not defined.
Launcher:	C:\Users\Daniel\Desktop\Osulux - copia\runtime\bin\javaw.exe
Launcher args:	--module-path "C:\javafx\lib" --add-modules javafx.controls,javafx.media --enable-native-access=javafx.graphics -classpath "C:\Users\Daniel\Desktop\Osulux - copia\osulux.exe" com.osuplayer.MainApp -Dprism.order=sw -Dprism.verbose=true
Args length:	234/32768 chars
Exit code:	0


Version:	3.50
CmdLine:	C:\Users\Daniel\Desktop\Osulux - copia\osulux.exe --l4j-debug
JNI:		No
WOW64:		Yes
Working dir:	C:\Users\Daniel\Desktop\Osulux - copia\.
Requires JDK:	No
Requires 64-Bit: No
Java min ver:	1.017.000
Java max ver:	
JRE paths:	runtime
Check launcher:	C:\Users\Daniel\Desktop\Osulux - copia\runtime\bin\javaw.exe (OK)
Version string: 1.021.000_008 / 64-Bit (OK)
Main class:	com.osuplayer.MainApp
Info:		Classpath not defined.
Launcher:	C:\Users\Daniel\Desktop\Osulux - copia\runtime\bin\javaw.exe
Launcher args:	--module-path "C:\javafx\lib" --add-modules javafx.controls,javafx.media --enable-native-access=javafx.graphics -classpath "C:\Users\Daniel\Desktop\Osulux - copia\osulux.exe" com.osuplayer.MainApp -Dprism.order=sw -Dprism.verbose=true
Args length:	234/32768 chars
Exit code:	0


Version:	3.50
CmdLine:	C:\Users\Daniel\Desktop\Osulux - copia\osulux.exe --l4j-debug
JNI:		No
WOW64:		Yes
Working dir:	C:\Users\Daniel\Desktop\Osulux - copia\.
Requires JDK:	No
Requires 64-Bit: No
Java min ver:	1.017.000
Java max ver:	
JRE paths:	runtime
Check launcher:	C:\Users\Daniel\Desktop\Osulux - copia\runtime\bin\javaw.exe (OK)
Version string: 1.021.000_008 / 64-Bit (OK)
Main class:	com.osuplayer.MainApp
Info:		Classpath not defined.
Launcher:	C:\Users\Daniel\Desktop\Osulux - copia\runtime\bin\javaw.exe
Launcher args:	--module-path "C:\javafx\lib" --add-modules javafx.controls,javafx.media --enable-native-access=javafx.graphics -classpath "C:\Users\Daniel\Desktop\Osulux - copia\osulux.exe" com.osuplayer.MainApp -Dprism.order=sw -Dprism.verbose=true
Args length:	234/32768 chars
Exit code:	0


Version:	3.50
CmdLine:	C:\Users\Daniel\Desktop\Osulux - copia\osulux.exe --l4j-debug
JNI:		No
WOW64:		Yes
Working dir:	C:\Users\Daniel\Desktop\Osulux - copia\.
Requires JDK:	No
Requires 64-Bit: No
Java min ver:	1.017.000
Java max ver:	
JRE paths:	runtime
Check launcher:	C:\Users\Daniel\Desktop\Osulux - copia\runtime\bin\javaw.exe (OK)
Version string: 1.021.000_008 / 64-Bit (OK)
Main class:	com.osuplayer.MainApp
Info:		Classpath not defined.
Launcher:	C:\Users\Daniel\Desktop\Osulux - copia\runtime\bin\javaw.exe
Launcher args:	--module-path "C:\javafx\lib" --add-modules javafx.controls,javafx.media --enable-native-access=javafx.graphics -classpath "C:\Users\Daniel\Desktop\Osulux - copia\osulux.exe" com.osuplayer.MainApp -Dprism.order=sw -Dprism.verbose=true
Args length:	234/32768 chars
Exit code:	0


Version:	3.50
CmdLine:	C:\Users\Daniel\Desktop\Osulux - copia\osulux.exe --l4j-debug
JNI:		No
WOW64:		Yes
Working dir:	C:\Users\Daniel\Desktop\Osulux - copia\.
Requires JDK:	No
Requires 64-Bit: No
Java min ver:	1.017.000
Java max ver:	
JRE paths:	runtime
Check launcher:	C:\Users\Daniel\Desktop\Osulux - copia\runtime\bin\javaw.exe (OK)
Version string: 1.021.000_008 / 64-Bit (OK)
Main class:	com.osuplayer.MainApp
Info:		Classpath not defined.
Launcher:	C:\Users\Daniel\Desktop\Osulux - copia\runtime\bin\javaw.exe
Launcher args:	--module-path "C:\javafx\lib" --add-modules javafx.controls,javafx.media --enable-native-access=javafx.graphics -classpath "C:\Users\Daniel\Desktop\Osulux - copia\osulux.exe" com.osuplayer.MainApp -Dprism.order=sw -Dprism.verbose=true
Args length:	234/32768 chars
Exit code:	0
